<?xml version="1.0" encoding="UTF-8"?>
<!-- Generated by org.testng.reporters.JUnitXMLReporter -->
<testsuite ignored="8" hostname="COG-WIN-MAC03" failures="1" tests="14" name="Test" time="2754.005" errors="0" timestamp="2022-12-08T17:40:16 IST">
  <testcase classname="testcases.AddExpenseLimitTest" name="addExpenseLimit" time="138.11"/>
  <testcase classname="testcases.BulkUploadTest" name="verifyBulkUploadValidation" time="35.962"/>
  <testcase classname="testcases.BulkUploadTest" name="verifyExpenseFileUpload" time="50.685"/>
  <testcase classname="testcases.ExpenseApprovalTest" name="verifyExpenseApproveFunctionality" time="321.556"/>
  <testcase classname="testcases.ExpenseApprovalTest" name="verifyExpenseRejectFunctionality" time="354.806"/>
  <testcase classname="testcases.ExpenseListingTest" name="verifyEditExpenseFunctionality" time="228.471"/>
  <testcase classname="testcases.ExpenseListingTest" name="verifySearchFunctionality" time="98.164"/>
  <testcase classname="testcases.ExpenseOverLimitTest" name="verifyOverLimitReport" time="331.972"/>
  <testcase classname="testcases.ExpenseReportTest" name="verifyExpenseReport" time="106.174">
    <failure type="org.openqa.selenium.ElementClickInterceptedException" message="element click intercepted: Element &amp;lt;div class=&amp;quot;input-group-append&amp;quot; data-target=&amp;quot;#txtExpenseLimitTo&amp;quot; data-toggle=&amp;quot;datetimepicker&amp;quot; title=&amp;quot;&amp;quot; data-original-title=&amp;quot;Select Date&amp;quot;&amp;gt;...&amp;lt;/div&amp;gt; is not clickable at point (1123, 383). Other element would receive the click: &amp;lt;div class=&amp;quot;overlay&amp;quot; id=&amp;quot;notifymessage&amp;quot; style=&amp;quot;&amp;quot;&amp;gt;...&amp;lt;/div&amp;gt;
  (Session info: chrome=108.0.5359.96)
Build info: version: &amp;apos;3.141.59&amp;apos;, revision: &amp;apos;e82be7d358&amp;apos;, time: &amp;apos;2018-11-14T08:17:03&amp;apos;
System info: host: &amp;apos;COG-WIN-MAC03&amp;apos;, ip: &amp;apos;192.168.0.167&amp;apos;, os.name: &amp;apos;Windows 10&amp;apos;, os.arch: &amp;apos;amd64&amp;apos;, os.version: &amp;apos;10.0&amp;apos;, java.version: &amp;apos;17.0.2&amp;apos;
Driver info: org.openqa.selenium.chrome.ChromeDriver
Capabilities {acceptInsecureCerts: false, browserName: chrome, browserVersion: 108.0.5359.96, chrome: {chromedriverVersion: 107.0.5304.62 (1eec40d3a576..., userDataDir: C:\Users\aanand\AppData\Loc...}, goog:chromeOptions: {debuggerAddress: localhost:63438}, javascriptEnabled: true, networkConnectionEnabled: false, pageLoadStrategy: normal, platform: WINDOWS, platformName: WINDOWS, proxy: Proxy(), setWindowRect: true, strictFileInteractability: false, timeouts: {implicit: 0, pageLoad: 300000, script: 30000}, unhandledPromptBehavior: dismiss and notify, webauthn:extension:credBlob: true, webauthn:extension:largeBlob: true, webauthn:virtualAuthenticators: true}
Session ID: 3a023eda374bd857b89575249726c2e1">
      <![CDATA[org.openqa.selenium.ElementClickInterceptedException: element click intercepted: Element <div class="input-group-append" data-target="#txtExpenseLimitTo" data-toggle="datetimepicker" title="" data-original-title="Select Date">...</div> is not clickable at point (1123, 383). Other element would receive the click: <div class="overlay" id="notifymessage" style="">...</div>
  (Session info: chrome=108.0.5359.96)
Build info: version: '3.141.59', revision: 'e82be7d358', time: '2018-11-14T08:17:03'
System info: host: 'COG-WIN-MAC03', ip: '192.168.0.167', os.name: 'Windows 10', os.arch: 'amd64', os.version: '10.0', java.version: '17.0.2'
Driver info: org.openqa.selenium.chrome.ChromeDriver
Capabilities {acceptInsecureCerts: false, browserName: chrome, browserVersion: 108.0.5359.96, chrome: {chromedriverVersion: 107.0.5304.62 (1eec40d3a576..., userDataDir: C:\Users\aanand\AppData\Loc...}, goog:chromeOptions: {debuggerAddress: localhost:63438}, javascriptEnabled: true, networkConnectionEnabled: false, pageLoadStrategy: normal, platform: WINDOWS, platformName: WINDOWS, proxy: Proxy(), setWindowRect: true, strictFileInteractability: false, timeouts: {implicit: 0, pageLoad: 300000, script: 30000}, unhandledPromptBehavior: dismiss and notify, webauthn:extension:credBlob: true, webauthn:extension:largeBlob: true, webauthn:virtualAuthenticators: true}
Session ID: 3a023eda374bd857b89575249726c2e1
at org.openqa.selenium.remote.http.W3CHttpResponseCodec.createException(W3CHttpResponseCodec.java:187)
at org.openqa.selenium.remote.http.W3CHttpResponseCodec.decode(W3CHttpResponseCodec.java:122)
at org.openqa.selenium.remote.http.W3CHttpResponseCodec.decode(W3CHttpResponseCodec.java:49)
at org.openqa.selenium.remote.HttpCommandExecutor.execute(HttpCommandExecutor.java:158)
at org.openqa.selenium.remote.service.DriverCommandExecutor.execute(DriverCommandExecutor.java:83)
at org.openqa.selenium.remote.RemoteWebDriver.execute(RemoteWebDriver.java:552)
at org.openqa.selenium.remote.RemoteWebElement.execute(RemoteWebElement.java:285)
at org.openqa.selenium.remote.RemoteWebElement.click(RemoteWebElement.java:84)
at pageobjects.AddExpenseLimitPage.addExpenseLimitTo(AddExpenseLimitPage.java:121)
at action.AddExpenseLimitAction.addExpenseLimit(AddExpenseLimitAction.java:39)
at testcases.ExpenseReportTest.verifyExpenseReport(ExpenseReportTest.java:32)
at java.base/java.util.ArrayList.forEach(ArrayList.java:1511)
... Removed 32 stack frames]]>
    </failure>
  </testcase> <!-- verifyExpenseReport -->
  <testcase classname="testcases.ManageExpenseTest" name="addExpenseWithSaveAsDraft" time="203.742"/>
  <testcase classname="testcases.ManageExpenseTest" name="addExpenseWithSubmitForApproval" time="108.46"/>
  <testcase classname="testcases.ProjectListingTest" name="addProjectWithDefaultTemplate" time="130.87"/>
  <testcase classname="testcases.ReimbursementsTest" name="verifyReimbursementReportWithCompany" time="409.356"/>
  <testcase classname="testcases.ReimbursementsTest" name="verifyReimbursementReportWithClient" time="132.953"/>
  <testcase classname="utils.WebTestBase" name="@AfterSuite close" time="0.0">
    <ignored/>
  </testcase> <!-- @AfterSuite close -->
  <testcase classname="utils.WebTestBase" name="@AfterSuite close" time="0.0">
    <ignored/>
  </testcase> <!-- @AfterSuite close -->
  <testcase classname="utils.WebTestBase" name="@AfterSuite close" time="0.0">
    <ignored/>
  </testcase> <!-- @AfterSuite close -->
  <testcase classname="utils.WebTestBase" name="@AfterSuite close" time="0.0">
    <ignored/>
  </testcase> <!-- @AfterSuite close -->
  <testcase classname="utils.WebTestBase" name="@AfterSuite close" time="0.0">
    <ignored/>
  </testcase> <!-- @AfterSuite close -->
  <testcase classname="utils.WebTestBase" name="@AfterSuite close" time="0.0">
    <ignored/>
  </testcase> <!-- @AfterSuite close -->
  <testcase classname="utils.WebTestBase" name="@AfterSuite close" time="0.0">
    <ignored/>
  </testcase> <!-- @AfterSuite close -->
  <testcase classname="utils.WebTestBase" name="@AfterSuite close" time="0.0">
    <ignored/>
  </testcase> <!-- @AfterSuite close -->
</testsuite> <!-- Test -->
